  Prog1.cpp
C:\Users\sauro\source\repos\Prog1\Prog1.cpp(10,1): error C2632: 'int' followed by 'void' is illegal
C:\Users\sauro\source\repos\Prog1\Prog1.cpp(22,17): error C2065: 'maze': undeclared identifier
C:\Users\sauro\source\repos\Prog1\Prog1.cpp(22,22): error C2065: 'i': undeclared identifier
C:\Users\sauro\source\repos\Prog1\Prog1.cpp(22,29): error C2065: 'j': undeclared identifier
C:\Users\sauro\source\repos\Prog1\Prog1.cpp(28,23): error C2065: 'maze': undeclared identifier
C:\Users\sauro\source\repos\Prog1\Prog1.cpp(28,28): error C2065: 'i': undeclared identifier
C:\Users\sauro\source\repos\Prog1\Prog1.cpp(28,35): error C2065: 'j': undeclared identifier
C:\Users\sauro\source\repos\Prog1\Prog1.cpp(28,54): error C2065: 'maze': undeclared identifier
C:\Users\sauro\source\repos\Prog1\Prog1.cpp(28,59): error C2065: 'i': undeclared identifier
C:\Users\sauro\source\repos\Prog1\Prog1.cpp(28,66): error C2065: 'j': undeclared identifier
C:\Users\sauro\source\repos\Prog1\Prog1.cpp(36,30): error C2065: 'maze': undeclared identifier
C:\Users\sauro\source\repos\Prog1\Prog1.cpp(36,35): error C2065: 'i': undeclared identifier
C:\Users\sauro\source\repos\Prog1\Prog1.cpp(36,42): error C2065: 'j': undeclared identifier
C:\Users\sauro\source\repos\Prog1\Prog1.cpp(43,17): error C2065: 'maze': undeclared identifier
C:\Users\sauro\source\repos\Prog1\Prog1.cpp(43,22): error C2065: 'i': undeclared identifier
C:\Users\sauro\source\repos\Prog1\Prog1.cpp(43,25): error C2065: 'j': undeclared identifier
C:\Users\sauro\source\repos\Prog1\Prog1.cpp(49,23): error C2065: 'maze': undeclared identifier
C:\Users\sauro\source\repos\Prog1\Prog1.cpp(49,28): error C2065: 'i': undeclared identifier
C:\Users\sauro\source\repos\Prog1\Prog1.cpp(49,31): error C2065: 'j': undeclared identifier
C:\Users\sauro\source\repos\Prog1\Prog1.cpp(49,50): error C2065: 'maze': undeclared identifier
C:\Users\sauro\source\repos\Prog1\Prog1.cpp(49,55): error C2065: 'i': undeclared identifier
C:\Users\sauro\source\repos\Prog1\Prog1.cpp(49,58): error C2065: 'j': undeclared identifier
C:\Users\sauro\source\repos\Prog1\Prog1.cpp(57,30): error C2065: 'maze': undeclared identifier
C:\Users\sauro\source\repos\Prog1\Prog1.cpp(57,35): error C2065: 'i': undeclared identifier
C:\Users\sauro\source\repos\Prog1\Prog1.cpp(57,38): error C2065: 'j': undeclared identifier
C:\Users\sauro\source\repos\Prog1\Prog1.cpp(65,17): error C2065: 'maze': undeclared identifier
C:\Users\sauro\source\repos\Prog1\Prog1.cpp(65,22): error C2065: 'i': undeclared identifier
C:\Users\sauro\source\repos\Prog1\Prog1.cpp(65,29): error C2065: 'j': undeclared identifier
C:\Users\sauro\source\repos\Prog1\Prog1.cpp(71,23): error C2065: 'maze': undeclared identifier
C:\Users\sauro\source\repos\Prog1\Prog1.cpp(71,28): error C2065: 'i': undeclared identifier
C:\Users\sauro\source\repos\Prog1\Prog1.cpp(71,35): error C2065: 'j': undeclared identifier
C:\Users\sauro\source\repos\Prog1\Prog1.cpp(71,54): error C2065: 'maze': undeclared identifier
C:\Users\sauro\source\repos\Prog1\Prog1.cpp(71,59): error C2065: 'i': undeclared identifier
C:\Users\sauro\source\repos\Prog1\Prog1.cpp(71,66): error C2065: 'j': undeclared identifier
C:\Users\sauro\source\repos\Prog1\Prog1.cpp(79,30): error C2065: 'maze': undeclared identifier
C:\Users\sauro\source\repos\Prog1\Prog1.cpp(79,35): error C2065: 'i': undeclared identifier
C:\Users\sauro\source\repos\Prog1\Prog1.cpp(79,42): error C2065: 'j': undeclared identifier
C:\Users\sauro\source\repos\Prog1\Prog1.cpp(87,17): error C2065: 'maze': undeclared identifier
C:\Users\sauro\source\repos\Prog1\Prog1.cpp(87,22): error C2065: 'i': undeclared identifier
C:\Users\sauro\source\repos\Prog1\Prog1.cpp(87,29): error C2065: 'j': undeclared identifier
C:\Users\sauro\source\repos\Prog1\Prog1.cpp(93,23): error C2065: 'maze': undeclared identifier
C:\Users\sauro\source\repos\Prog1\Prog1.cpp(93,28): error C2065: 'i': undeclared identifier
C:\Users\sauro\source\repos\Prog1\Prog1.cpp(93,35): error C2065: 'j': undeclared identifier
C:\Users\sauro\source\repos\Prog1\Prog1.cpp(93,50): error C2065: 'maze': undeclared identifier
C:\Users\sauro\source\repos\Prog1\Prog1.cpp(93,55): error C2065: 'i': undeclared identifier
C:\Users\sauro\source\repos\Prog1\Prog1.cpp(93,62): error C2065: 'j': undeclared identifier
C:\Users\sauro\source\repos\Prog1\Prog1.cpp(101,30): error C2065: 'maze': undeclared identifier
C:\Users\sauro\source\repos\Prog1\Prog1.cpp(101,35): error C2065: 'i': undeclared identifier
C:\Users\sauro\source\repos\Prog1\Prog1.cpp(101,42): error C2065: 'j': undeclared identifier
C:\Users\sauro\source\repos\Prog1\Prog1.cpp(115,17): error C2065: 'maze': undeclared identifier
C:\Users\sauro\source\repos\Prog1\Prog1.cpp(115,22): error C2065: 'i': undeclared identifier
C:\Users\sauro\source\repos\Prog1\Prog1.cpp(115,29): error C2065: 'j': undeclared identifier
C:\Users\sauro\source\repos\Prog1\Prog1.cpp(121,23): error C2065: 'maze': undeclared identifier
C:\Users\sauro\source\repos\Prog1\Prog1.cpp(121,28): error C2065: 'i': undeclared identifier
C:\Users\sauro\source\repos\Prog1\Prog1.cpp(121,35): error C2065: 'j': undeclared identifier
C:\Users\sauro\source\repos\Prog1\Prog1.cpp(121,50): error C2065: 'maze': undeclared identifier
C:\Users\sauro\source\repos\Prog1\Prog1.cpp(121,55): error C2065: 'i': undeclared identifier
C:\Users\sauro\source\repos\Prog1\Prog1.cpp(121,62): error C2065: 'j': undeclared identifier
C:\Users\sauro\source\repos\Prog1\Prog1.cpp(129,30): error C2065: 'maze': undeclared identifier
C:\Users\sauro\source\repos\Prog1\Prog1.cpp(129,35): error C2065: 'i': undeclared identifier
C:\Users\sauro\source\repos\Prog1\Prog1.cpp(129,42): error C2065: 'j': undeclared identifier
C:\Users\sauro\source\repos\Prog1\Prog1.cpp(137,17): error C2065: 'maze': undeclared identifier
C:\Users\sauro\source\repos\Prog1\Prog1.cpp(137,22): error C2065: 'i': undeclared identifier
C:\Users\sauro\source\repos\Prog1\Prog1.cpp(137,29): error C2065: 'j': undeclared identifier
C:\Users\sauro\source\repos\Prog1\Prog1.cpp(143,23): error C2065: 'maze': undeclared identifier
C:\Users\sauro\source\repos\Prog1\Prog1.cpp(143,28): error C2065: 'i': undeclared identifier
C:\Users\sauro\source\repos\Prog1\Prog1.cpp(143,35): error C2065: 'j': undeclared identifier
C:\Users\sauro\source\repos\Prog1\Prog1.cpp(143,54): error C2065: 'maze': undeclared identifier
C:\Users\sauro\source\repos\Prog1\Prog1.cpp(143,59): error C2065: 'i': undeclared identifier
C:\Users\sauro\source\repos\Prog1\Prog1.cpp(143,66): error C2065: 'j': undeclared identifier
C:\Users\sauro\source\repos\Prog1\Prog1.cpp(151,30): error C2065: 'maze': undeclared identifier
C:\Users\sauro\source\repos\Prog1\Prog1.cpp(151,35): error C2065: 'i': undeclared identifier
C:\Users\sauro\source\repos\Prog1\Prog1.cpp(151,42): error C2065: 'j': undeclared identifier
C:\Users\sauro\source\repos\Prog1\Prog1.cpp(159,17): error C2065: 'maze': undeclared identifier
C:\Users\sauro\source\repos\Prog1\Prog1.cpp(159,22): error C2065: 'i': undeclared identifier
C:\Users\sauro\source\repos\Prog1\Prog1.cpp(159,25): error C2065: 'j': undeclared identifier
C:\Users\sauro\source\repos\Prog1\Prog1.cpp(165,23): error C2065: 'maze': undeclared identifier
C:\Users\sauro\source\repos\Prog1\Prog1.cpp(165,28): error C2065: 'i': undeclared identifier
C:\Users\sauro\source\repos\Prog1\Prog1.cpp(165,31): error C2065: 'j': undeclared identifier
C:\Users\sauro\source\repos\Prog1\Prog1.cpp(165,50): error C2065: 'maze': undeclared identifier
C:\Users\sauro\source\repos\Prog1\Prog1.cpp(165,55): error C2065: 'i': undeclared identifier
C:\Users\sauro\source\repos\Prog1\Prog1.cpp(165,58): error C2065: 'j': undeclared identifier
C:\Users\sauro\source\repos\Prog1\Prog1.cpp(173,30): error C2065: 'maze': undeclared identifier
C:\Users\sauro\source\repos\Prog1\Prog1.cpp(173,35): error C2065: 'i': undeclared identifier
C:\Users\sauro\source\repos\Prog1\Prog1.cpp(173,38): error C2065: 'j': undeclared identifier
C:\Users\sauro\source\repos\Prog1\Prog1.cpp(181,17): error C2065: 'maze': undeclared identifier
C:\Users\sauro\source\repos\Prog1\Prog1.cpp(181,22): error C2065: 'i': undeclared identifier
C:\Users\sauro\source\repos\Prog1\Prog1.cpp(181,29): error C2065: 'j': undeclared identifier
C:\Users\sauro\source\repos\Prog1\Prog1.cpp(187,23): error C2065: 'maze': undeclared identifier
C:\Users\sauro\source\repos\Prog1\Prog1.cpp(187,28): error C2065: 'i': undeclared identifier
C:\Users\sauro\source\repos\Prog1\Prog1.cpp(187,35): error C2065: 'j': undeclared identifier
C:\Users\sauro\source\repos\Prog1\Prog1.cpp(187,54): error C2065: 'maze': undeclared identifier
C:\Users\sauro\source\repos\Prog1\Prog1.cpp(187,59): error C2065: 'i': undeclared identifier
C:\Users\sauro\source\repos\Prog1\Prog1.cpp(187,66): error C2065: 'j': undeclared identifier
C:\Users\sauro\source\repos\Prog1\Prog1.cpp(195,30): error C2065: 'maze': undeclared identifier
C:\Users\sauro\source\repos\Prog1\Prog1.cpp(195,35): error C2065: 'i': undeclared identifier
C:\Users\sauro\source\repos\Prog1\Prog1.cpp(195,42): error C2065: 'j': undeclared identifier
C:\Users\sauro\source\repos\Prog1\Prog1.cpp(201,9): error C3861: 'GameOver': identifier not found
C:\Users\sauro\source\repos\Prog1\Prog1.cpp(212,20): error C2440: '<function-style-cast>': cannot convert from 'initializer list' to 'std::string'
C:\Users\sauro\source\repos\Prog1\Prog1.cpp(212,20): message : No constructor could take the source type, or constructor overload resolution was ambiguous
C:\Users\sauro\source\repos\Prog1\Prog1.cpp(220,9): error C3861: 'main': identifier not found
